====== test_public.log ======
>SPLIT<
>TEST=test_cat<
>Program Output<
[RESULT]Failure
--- /dev/fd/63	2022-04-12 12:28:42.177115933 +0000
+++ /dev/fd/62	2022-04-12 12:28:42.177115933 +0000
@@ -1,2 +1,36 @@
-0 bytes copied
+
+
+
+
+
+
+  And burbled as it came!
+  And stood awhile in thought.
+  And the mome raths outgrabe.
+  And the mome raths outgrabe.
+  Come to my arms, my beamish boy!
+  Did gyre and gimble in the wabe:
+  Did gyre and gimble in the wabe;
+  He chortled in his joy.
+  He went galumphing back.
+  Long time the manxome foe he sought --
+  The Jabberwock, with eyes of flame,
+  The frumious Bandersnatch!"
+  The jaws that bite, the claws that catch!
+  The vorpal blade went snicker-snack!
+"And, has thou slain the Jabberwock?
+"Beware the Jabberwock, my son!
+965 bytes copied
+All mimsy were the borogoves,
+All mimsy were the borogoves,
+And, as in uffish thought he stood,
+Beware the Jubjub bird, and shun
+Came whiffling through the tulgey wood,
+He left it dead, and with its head
+He took his vorpal sword in hand:
+O frabjous day! Callooh! Callay!'
+One, two! One, two! And through and through
+So rested he by the Tumtum tree,
+`Twas brillig, and the slithy toves
+`Twas brillig, and the slithy toves
 disk mounted.
>Expected Output<
[RESULT]Success
>SPLIT<
>TEST=test_copyin<
>Program Output<
[RESULT]Failure
[RESULT]Failure
[RESULT]Failure
>Expected Output<
[RESULT]Success
[RESULT]Success
[RESULT]Success
>SPLIT<
>TEST=test_copyout<
>Program Output<
[RESULT]Failure
[RESULT]Failure
[RESULT]Failure
>Expected Output<
[RESULT]Success
[RESULT]Success
[RESULT]Success
>SPLIT<
>TEST=test_create<
>Program Output<
[RESULT]Success
>Expected Output<
[RESULT]Success
>SPLIT<
>TEST=test_debug<
>Program Output<
[RESULT]Success
[RESULT]Success
[RESULT]Success
>Expected Output<
[RESULT]Success
[RESULT]Success
[RESULT]Success
>SPLIT<
>TEST=test_format<
>Program Output<
[RESULT]Success
[RESULT]Success
[RESULT]Success
>Expected Output<
[RESULT]Success
[RESULT]Success
[RESULT]Success
>SPLIT<
>TEST=test_mount<
>Program Output<
[RESULT]Success
[RESULT]Success
[RESULT]Success
[RESULT]Success
[RESULT]Success
[RESULT]Success
[RESULT]Success
[RESULT]Success
>Expected Output<
[RESULT]Success
[RESULT]Success
[RESULT]Success
[RESULT]Success
[RESULT]Success
[RESULT]Success
[RESULT]Success
[RESULT]Success
>SPLIT<
>TEST=test_remove<
>Program Output<
[RESULT]Success
[RESULT]Failure
--- /dev/fd/63	2022-04-12 12:28:42.713113478 +0000
+++ /dev/fd/62	2022-04-12 12:28:42.713113478 +0000
@@ -7,25 +7,25 @@
     size: 965 bytes
     direct blocks: 2
 disk mounted.
-0 bytes copied
+965 bytes copied
 created inode 0.
-0 bytes copied
+965 bytes copied
 created inode 2.
-0 bytes copied
+965 bytes copied
 SuperBlock:
     magic number is valid
     5 blocks
     1 inode blocks
     128 inodes
 Inode 0:
-    size: 0 bytes
-    direct blocks:
+    size: 965 bytes
+    direct blocks: 3
 Inode 1:
     size: 965 bytes
     direct blocks: 2
 Inode 2:
-    size: 0 bytes
-    direct blocks:
+    size: 965 bytes
+    direct blocks: 4
 removed inode 0.
 SuperBlock:
     magic number is valid
@@ -36,21 +36,21 @@
     size: 965 bytes
     direct blocks: 2
 Inode 2:
-    size: 0 bytes
-    direct blocks:
+    size: 965 bytes
+    direct blocks: 4
 created inode 0.
-0 bytes copied
+965 bytes copied
 SuperBlock:
     magic number is valid
     5 blocks
     1 inode blocks
     128 inodes
 Inode 0:
-    size: 0 bytes
-    direct blocks:
+    size: 965 bytes
+    direct blocks: 3
 Inode 1:
     size: 965 bytes
     direct blocks: 2
 Inode 2:
-    size: 0 bytes
-    direct blocks:
+    size: 965 bytes
+    direct blocks: 4
[RESULT]Failure
--- /dev/fd/63	2022-04-12 12:28:42.725113423 +0000
+++ /dev/fd/62	2022-04-12 12:28:42.725113423 +0000
@@ -11,8 +11,8 @@
 Inode 3:
     size: 9546 bytes
     direct blocks: 10 11 12
- 13 14disk mounted.
-0 bytes copied
+disk mounted.
+27160 bytes copied
 removed inode 3.
 SuperBlock:
     magic number is valid
@@ -25,15 +25,17 @@
     indirect block: 9
     indirect data blocks: 13 14
 created inode 0.
-0 bytes copied
+27160 bytes copied
 SuperBlock:
     magic number is valid
     20 blocks
     2 inode blocks
     256 inodes
 Inode 0:
-    size: 0 bytes
-    direct blocks:
+    size: 27160 bytes
+    direct blocks: 3 10 11 12 15
+    indirect block: 16
+    indirect data blocks: 17 18
 Inode 2:
     size: 27160 bytes
     direct blocks: 4 5 6 7 8
>Expected Output<
[RESULT]Success
[RESULT]Success
[RESULT]Success
>SPLIT<
>TEST=test_stat<
>Program Output<
[RESULT]Failure
--- /dev/fd/63	2022-04-12 12:28:42.781113166 +0000
+++ /dev/fd/62	2022-04-12 12:28:42.777113185 +0000
@@ -1,4 +1,4 @@
 disk mounted.
-inode 1 has size 0 bytes.
-inode 2 has size 0 bytes.
-inode 3 has size 0 bytes.
+inode 1 has size 965 bytes.
+stat failed!
+stat failed!
[RESULT]Failure
--- /dev/fd/63	2022-04-12 12:28:42.797113094 +0000
+++ /dev/fd/62	2022-04-12 12:28:42.797113094 +0000
@@ -1,4 +1,4 @@
- 13 14disk mounted.
-inode 1 has size 0 bytes.
-inode 2 has size 0 bytes.
-inode 3 has size 0 bytes.
+disk mounted.
+stat failed!
+inode 2 has size 27160 bytes.
+inode 3 has size 9546 bytes.
[RESULT]Failure
--- /dev/fd/63	2022-04-12 12:28:42.813113020 +0000
+++ /dev/fd/62	2022-04-12 12:28:42.813113020 +0000
@@ -1,5 +1,5 @@
- 55 56 57 58 59 60 61 62 63 64 65 66 67 68 69 70 71 72 73 74 75 29 30 31 32 33 34 35 36 37 38 39 40 41 42 43 44 45 46 47 48 76 77 78 79 80 82 83 84 85 86 87 88 89 90 91 92 93 94 95 96 97 98 99 100 101 102 103 104 105 106 107 108 109 110 111 112 113 114 115 116 117 118 119 120 121 122 123 124 125 126 127 128 129 130 131 132 133 134 135 136 137 138 139 140 141 142 143 144 145 146 147 148 149 150 151disk mounted.
-inode 1 has size 0 bytes.
-inode 2 has size 0 bytes.
-inode 3 has size 0 bytes.
-inode 9 has size 0 bytes.
+disk mounted.
+inode 1 has size 1523 bytes.
+inode 2 has size 105421 bytes.
+stat failed!
+inode 9 has size 409305 bytes.
>Expected Output<
[RESULT]Success
[RESULT]Success
[RESULT]Success
====== compile.log ======
